2021-11-06 19:47:11,322 DEBUG org.springframework.web.servlet.mvc.method.annotation.RequestMappingHandlerAdapter [main] ControllerAdvice beans: 0 @ModelAttribute, 0 @InitBinder, 1 RequestBodyAdvice, 1 ResponseBodyAdvice
2021-11-06 19:47:11,380 DEBUG org.springframework.web.servlet.handler.AbstractHandlerMethodMapping [main] 40 mappings in 'requestMappingHandlerMapping'
2021-11-06 19:47:11,411 DEBUG org.springframework.web.servlet.handler.SimpleUrlHandlerMapping [main] Patterns [/webjars/**, /**] in 'resourceHandlerMapping'
2021-11-06 19:47:11,422 DEBUG org.springframework.web.servlet.mvc.method.annotation.ExceptionHandlerExceptionResolver [main] ControllerAdvice beans: 0 @ExceptionHandler, 1 ResponseBodyAdvice
2021-11-06 19:47:16,973 INFO org.springframework.web.servlet.FrameworkServlet [http-nio-8080-exec-1] Initializing Servlet 'dispatcherServlet'
2021-11-06 19:47:16,975 DEBUG org.springframework.web.servlet.DispatcherServlet [http-nio-8080-exec-1] Detected StandardServletMultipartResolver
2021-11-06 19:47:16,975 DEBUG org.springframework.web.servlet.DispatcherServlet [http-nio-8080-exec-1] Detected AcceptHeaderLocaleResolver
2021-11-06 19:47:16,975 DEBUG org.springframework.web.servlet.DispatcherServlet [http-nio-8080-exec-1] Detected FixedThemeResolver
2021-11-06 19:47:16,977 DEBUG org.springframework.web.servlet.DispatcherServlet [http-nio-8080-exec-1] Detected org.springframework.web.servlet.view.DefaultRequestToViewNameTranslator@299786b1
2021-11-06 19:47:16,979 DEBUG org.springframework.web.servlet.DispatcherServlet [http-nio-8080-exec-1] Detected org.springframework.web.servlet.support.SessionFlashMapManager@12723c5d
2021-11-06 19:47:16,980 DEBUG org.springframework.web.servlet.FrameworkServlet [http-nio-8080-exec-1] enableLoggingRequestDetails='false': request parameters and headers will be masked to prevent unsafe logging of potentially sensitive data
2021-11-06 19:47:16,980 INFO org.springframework.web.servlet.FrameworkServlet [http-nio-8080-exec-1] Completed initialization in 5 ms
2021-11-06 19:47:16,996 DEBUG org.springframework.core.log.LogFormatUtils [http-nio-8080-exec-1] GET "/", parameters={}
2021-11-06 19:47:17,006 DEBUG org.springframework.web.servlet.handler.AbstractHandlerMapping [http-nio-8080-exec-1] Mapped to project.spaceshop.controller.HelloController#index()
2021-11-06 19:47:17,024 DEBUG org.springframework.web.servlet.view.AbstractView [http-nio-8080-exec-1] View name 'redirect:', model {}
2021-11-06 19:47:17,025 DEBUG org.springframework.web.servlet.FrameworkServlet [http-nio-8080-exec-1] Completed 302 FOUND
2021-11-06 19:47:17,035 DEBUG org.springframework.core.log.LogFormatUtils [http-nio-8080-exec-2] GET "/home/catalog/page/1", parameters={}
2021-11-06 19:47:17,037 DEBUG org.springframework.web.servlet.handler.AbstractHandlerMapping [http-nio-8080-exec-2] Mapped to project.spaceshop.controller.ProductController#getProductList(int, Model)
2021-11-06 19:47:17,208 DEBUG org.springframework.web.servlet.view.ContentNegotiatingViewResolver [http-nio-8080-exec-2] Selected 'text/html' given [text/html, application/xhtml+xml, image/avif, image/webp, image/apng, application/xml;q=0.9, application/signed-exchange;v=b3;q=0.9, */*;q=0.8]
2021-11-06 19:47:17,476 DEBUG org.springframework.web.servlet.FrameworkServlet [http-nio-8080-exec-2] Completed 200 OK
2021-11-06 19:47:17,477 DEBUG org.springframework.core.log.LogFormatUtils [http-nio-8080-exec-3] GET "/style/bootstrap.min.css", parameters={}
2021-11-06 19:47:17,477 DEBUG org.springframework.core.log.LogFormatUtils [http-nio-8080-exec-4] GET "/style/pagination.css", parameters={}
2021-11-06 19:47:17,477 DEBUG org.springframework.core.log.LogFormatUtils [http-nio-8080-exec-5] GET "/style/main.css", parameters={}
2021-11-06 19:47:17,480 DEBUG org.springframework.web.servlet.handler.AbstractHandlerMapping [http-nio-8080-exec-4] Mapped to ResourceHttpRequestHandler [Classpath [META-INF/resources/], Classpath [resources/], Classpath [static/], Classpath [public/], ServletContext [/]]
2021-11-06 19:47:17,480 DEBUG org.springframework.web.servlet.handler.AbstractHandlerMapping [http-nio-8080-exec-3] Mapped to ResourceHttpRequestHandler [Classpath [META-INF/resources/], Classpath [resources/], Classpath [static/], Classpath [public/], ServletContext [/]]
2021-11-06 19:47:17,480 DEBUG org.springframework.web.servlet.handler.AbstractHandlerMapping [http-nio-8080-exec-5] Mapped to ResourceHttpRequestHandler [Classpath [META-INF/resources/], Classpath [resources/], Classpath [static/], Classpath [public/], ServletContext [/]]
2021-11-06 19:47:17,494 DEBUG org.springframework.web.servlet.FrameworkServlet [http-nio-8080-exec-5] Completed 200 OK
2021-11-06 19:47:17,494 DEBUG org.springframework.web.servlet.FrameworkServlet [http-nio-8080-exec-4] Completed 200 OK
2021-11-06 19:47:17,496 DEBUG org.springframework.web.servlet.FrameworkServlet [http-nio-8080-exec-3] Completed 200 OK
2021-11-06 19:47:17,629 DEBUG org.springframework.core.log.LogFormatUtils [http-nio-8080-exec-6] GET "/favicon.ico", parameters={}
2021-11-06 19:47:17,630 DEBUG org.springframework.web.servlet.handler.AbstractHandlerMapping [http-nio-8080-exec-6] Mapped to ResourceHttpRequestHandler [Classpath [META-INF/resources/], Classpath [resources/], Classpath [static/], Classpath [public/], ServletContext [/]]
2021-11-06 19:47:17,631 DEBUG org.springframework.web.servlet.resource.ResourceHttpRequestHandler [http-nio-8080-exec-6] Resource not found
2021-11-06 19:47:17,632 DEBUG org.springframework.web.servlet.FrameworkServlet [http-nio-8080-exec-6] Completed 404 NOT_FOUND
2021-11-06 19:47:17,637 DEBUG org.springframework.core.log.LogFormatUtils [http-nio-8080-exec-6] "ERROR" dispatch for GET "/error", parameters={}
2021-11-06 19:47:17,638 DEBUG org.springframework.web.servlet.handler.AbstractHandlerMapping [http-nio-8080-exec-6] Mapped to org.springframework.boot.autoconfigure.web.servlet.error.BasicErrorController#error(HttpServletRequest)
2021-11-06 19:47:17,651 DEBUG org.springframework.web.servlet.mvc.method.annotation.AbstractMessageConverterMethodProcessor [http-nio-8080-exec-6] Using 'application/json;q=0.8', given [image/avif, image/webp, image/apng, image/svg+xml, image/*, */*;q=0.8] and supported [application/json, application/*+json, application/json, application/*+json]
2021-11-06 19:47:17,652 DEBUG org.springframework.core.log.LogFormatUtils [http-nio-8080-exec-6] Writing [{timestamp=Sat Nov 06 19:47:17 GMT+03:00 2021, status=404, error=Not Found, path=/favicon.ico}]
2021-11-06 19:47:17,707 DEBUG org.springframework.web.servlet.FrameworkServlet [http-nio-8080-exec-6] Exiting from "ERROR" dispatch, status 404
2021-11-06 19:47:18,834 DEBUG org.springframework.core.log.LogFormatUtils [http-nio-8080-exec-7] GET "/login", parameters={}
2021-11-06 19:47:18,836 DEBUG org.springframework.web.servlet.handler.AbstractHandlerMapping [http-nio-8080-exec-7] Mapped to project.spaceshop.controller.LoginController#login()
2021-11-06 19:47:18,839 DEBUG org.springframework.web.servlet.view.ContentNegotiatingViewResolver [http-nio-8080-exec-7] Selected 'text/html' given [text/html, application/xhtml+xml, image/avif, image/webp, image/apng, application/xml;q=0.9, application/signed-exchange;v=b3;q=0.9, */*;q=0.8]
2021-11-06 19:47:18,843 DEBUG org.springframework.web.servlet.FrameworkServlet [http-nio-8080-exec-7] Completed 200 OK
2021-11-06 19:47:18,859 DEBUG org.springframework.core.log.LogFormatUtils [http-nio-8080-exec-9] GET "/style/main.css", parameters={}
2021-11-06 19:47:18,859 DEBUG org.springframework.core.log.LogFormatUtils [http-nio-8080-exec-8] GET "/style/bootstrap.min.css", parameters={}
2021-11-06 19:47:18,860 DEBUG org.springframework.web.servlet.handler.AbstractHandlerMapping [http-nio-8080-exec-9] Mapped to ResourceHttpRequestHandler [Classpath [META-INF/resources/], Classpath [resources/], Classpath [static/], Classpath [public/], ServletContext [/]]
2021-11-06 19:47:18,860 DEBUG org.springframework.web.servlet.handler.AbstractHandlerMapping [http-nio-8080-exec-8] Mapped to ResourceHttpRequestHandler [Classpath [META-INF/resources/], Classpath [resources/], Classpath [static/], Classpath [public/], ServletContext [/]]
2021-11-06 19:47:18,863 DEBUG org.springframework.web.servlet.FrameworkServlet [http-nio-8080-exec-9] Completed 200 OK
2021-11-06 19:47:18,864 DEBUG org.springframework.web.servlet.FrameworkServlet [http-nio-8080-exec-8] Completed 200 OK
2021-11-06 19:47:21,418 DEBUG org.springframework.core.log.LogFormatUtils [http-nio-8080-exec-10] GET "/home/catalog/page/1", parameters={}
2021-11-06 19:47:21,421 DEBUG org.springframework.web.servlet.handler.AbstractHandlerMapping [http-nio-8080-exec-10] Mapped to project.spaceshop.controller.ProductController#getProductList(int, Model)
2021-11-06 19:47:21,473 DEBUG org.springframework.web.servlet.view.ContentNegotiatingViewResolver [http-nio-8080-exec-10] Selected 'text/html' given [text/html, application/xhtml+xml, image/avif, image/webp, image/apng, application/xml;q=0.9, application/signed-exchange;v=b3;q=0.9, */*;q=0.8]
2021-11-06 19:47:21,487 DEBUG org.springframework.web.servlet.FrameworkServlet [http-nio-8080-exec-10] Completed 200 OK
2021-11-06 19:47:21,494 DEBUG org.springframework.core.log.LogFormatUtils [http-nio-8080-exec-5] GET "/style/main.css", parameters={}
2021-11-06 19:47:21,494 DEBUG org.springframework.core.log.LogFormatUtils [http-nio-8080-exec-2] GET "/style/pagination.css", parameters={}
2021-11-06 19:47:21,494 DEBUG org.springframework.core.log.LogFormatUtils [http-nio-8080-exec-1] GET "/style/bootstrap.min.css", parameters={}
2021-11-06 19:47:21,494 DEBUG org.springframework.web.servlet.handler.AbstractHandlerMapping [http-nio-8080-exec-5] Mapped to ResourceHttpRequestHandler [Classpath [META-INF/resources/], Classpath [resources/], Classpath [static/], Classpath [public/], ServletContext [/]]
2021-11-06 19:47:21,494 DEBUG org.springframework.web.servlet.handler.AbstractHandlerMapping [http-nio-8080-exec-2] Mapped to ResourceHttpRequestHandler [Classpath [META-INF/resources/], Classpath [resources/], Classpath [static/], Classpath [public/], ServletContext [/]]
2021-11-06 19:47:21,494 DEBUG org.springframework.web.servlet.handler.AbstractHandlerMapping [http-nio-8080-exec-1] Mapped to ResourceHttpRequestHandler [Classpath [META-INF/resources/], Classpath [resources/], Classpath [static/], Classpath [public/], ServletContext [/]]
2021-11-06 19:47:21,498 DEBUG org.springframework.web.servlet.FrameworkServlet [http-nio-8080-exec-5] Completed 200 OK
2021-11-06 19:47:21,498 DEBUG org.springframework.web.servlet.FrameworkServlet [http-nio-8080-exec-2] Completed 200 OK
2021-11-06 19:47:21,499 DEBUG org.springframework.web.servlet.FrameworkServlet [http-nio-8080-exec-1] Completed 200 OK
2021-11-06 19:47:22,858 DEBUG org.springframework.core.log.LogFormatUtils [http-nio-8080-exec-4] GET "/home/basket", parameters={}
2021-11-06 19:47:22,859 DEBUG org.springframework.web.servlet.handler.AbstractHandlerMapping [http-nio-8080-exec-4] Mapped to project.spaceshop.controller.BasketController#basket(Model)
2021-11-06 19:47:22,870 DEBUG org.springframework.web.servlet.FrameworkServlet [http-nio-8080-exec-4] Failed to complete request: org.springframework.security.access.AccessDeniedException: Доступ запрещен
2021-11-06 19:47:22,890 DEBUG org.springframework.core.log.LogFormatUtils [http-nio-8080-exec-3] GET "/login", parameters={}
2021-11-06 19:47:22,890 DEBUG org.springframework.web.servlet.handler.AbstractHandlerMapping [http-nio-8080-exec-3] Mapped to project.spaceshop.controller.LoginController#login()
2021-11-06 19:47:22,890 DEBUG org.springframework.web.servlet.view.ContentNegotiatingViewResolver [http-nio-8080-exec-3] Selected 'text/html' given [text/html, application/xhtml+xml, image/avif, image/webp, image/apng, application/xml;q=0.9, application/signed-exchange;v=b3;q=0.9, */*;q=0.8]
2021-11-06 19:47:22,892 DEBUG org.springframework.web.servlet.FrameworkServlet [http-nio-8080-exec-3] Completed 200 OK
2021-11-06 19:47:22,907 DEBUG org.springframework.core.log.LogFormatUtils [http-nio-8080-exec-7] GET "/style/main.css", parameters={}
2021-11-06 19:47:22,907 DEBUG org.springframework.core.log.LogFormatUtils [http-nio-8080-exec-6] GET "/style/bootstrap.min.css", parameters={}
2021-11-06 19:47:22,907 DEBUG org.springframework.web.servlet.handler.AbstractHandlerMapping [http-nio-8080-exec-7] Mapped to ResourceHttpRequestHandler [Classpath [META-INF/resources/], Classpath [resources/], Classpath [static/], Classpath [public/], ServletContext [/]]
2021-11-06 19:47:22,907 DEBUG org.springframework.web.servlet.handler.AbstractHandlerMapping [http-nio-8080-exec-6] Mapped to ResourceHttpRequestHandler [Classpath [META-INF/resources/], Classpath [resources/], Classpath [static/], Classpath [public/], ServletContext [/]]
2021-11-06 19:47:22,910 DEBUG org.springframework.web.servlet.FrameworkServlet [http-nio-8080-exec-7] Completed 200 OK
2021-11-06 19:47:22,911 DEBUG org.springframework.web.servlet.FrameworkServlet [http-nio-8080-exec-6] Completed 200 OK
2021-11-06 19:47:24,074 DEBUG org.springframework.core.log.LogFormatUtils [http-nio-8080-exec-9] GET "/home/catalog/page/1", parameters={}
2021-11-06 19:47:24,076 DEBUG org.springframework.web.servlet.handler.AbstractHandlerMapping [http-nio-8080-exec-9] Mapped to project.spaceshop.controller.ProductController#getProductList(int, Model)
2021-11-06 19:47:24,119 DEBUG org.springframework.web.servlet.view.ContentNegotiatingViewResolver [http-nio-8080-exec-9] Selected 'text/html' given [text/html, application/xhtml+xml, image/avif, image/webp, image/apng, application/xml;q=0.9, application/signed-exchange;v=b3;q=0.9, */*;q=0.8]
2021-11-06 19:47:24,138 DEBUG org.springframework.web.servlet.FrameworkServlet [http-nio-8080-exec-9] Completed 200 OK
2021-11-06 19:47:24,141 DEBUG org.springframework.core.log.LogFormatUtils [http-nio-8080-exec-10] GET "/style/pagination.css", parameters={}
2021-11-06 19:47:24,141 DEBUG org.springframework.core.log.LogFormatUtils [http-nio-8080-exec-8] GET "/style/bootstrap.min.css", parameters={}
2021-11-06 19:47:24,141 DEBUG org.springframework.core.log.LogFormatUtils [http-nio-8080-exec-5] GET "/style/main.css", parameters={}
2021-11-06 19:47:24,142 DEBUG org.springframework.web.servlet.handler.AbstractHandlerMapping [http-nio-8080-exec-8] Mapped to ResourceHttpRequestHandler [Classpath [META-INF/resources/], Classpath [resources/], Classpath [static/], Classpath [public/], ServletContext [/]]
2021-11-06 19:47:24,142 DEBUG org.springframework.web.servlet.handler.AbstractHandlerMapping [http-nio-8080-exec-10] Mapped to ResourceHttpRequestHandler [Classpath [META-INF/resources/], Classpath [resources/], Classpath [static/], Classpath [public/], ServletContext [/]]
2021-11-06 19:47:24,142 DEBUG org.springframework.web.servlet.handler.AbstractHandlerMapping [http-nio-8080-exec-5] Mapped to ResourceHttpRequestHandler [Classpath [META-INF/resources/], Classpath [resources/], Classpath [static/], Classpath [public/], ServletContext [/]]
2021-11-06 19:47:24,144 DEBUG org.springframework.web.servlet.FrameworkServlet [http-nio-8080-exec-5] Completed 200 OK
2021-11-06 19:47:24,145 DEBUG org.springframework.web.servlet.FrameworkServlet [http-nio-8080-exec-10] Completed 200 OK
2021-11-06 19:47:24,146 DEBUG org.springframework.web.servlet.FrameworkServlet [http-nio-8080-exec-8] Completed 200 OK
2021-11-06 19:47:25,018 DEBUG org.springframework.core.log.LogFormatUtils [http-nio-8080-exec-2] GET "/home/account", parameters={}
2021-11-06 19:47:25,020 DEBUG org.springframework.web.servlet.handler.AbstractHandlerMapping [http-nio-8080-exec-2] Mapped to project.spaceshop.controller.UserController#accountInfo(Model)
2021-11-06 19:47:25,022 DEBUG org.springframework.web.servlet.FrameworkServlet [http-nio-8080-exec-2] Failed to complete request: org.springframework.security.access.AccessDeniedException: Доступ запрещен
2021-11-06 19:47:25,026 DEBUG org.springframework.core.log.LogFormatUtils [http-nio-8080-exec-1] GET "/login", parameters={}
2021-11-06 19:47:25,027 DEBUG org.springframework.web.servlet.handler.AbstractHandlerMapping [http-nio-8080-exec-1] Mapped to project.spaceshop.controller.LoginController#login()
2021-11-06 19:47:25,027 DEBUG org.springframework.web.servlet.view.ContentNegotiatingViewResolver [http-nio-8080-exec-1] Selected 'text/html' given [text/html, application/xhtml+xml, image/avif, image/webp, image/apng, application/xml;q=0.9, application/signed-exchange;v=b3;q=0.9, */*;q=0.8]
2021-11-06 19:47:25,029 DEBUG org.springframework.web.servlet.FrameworkServlet [http-nio-8080-exec-1] Completed 200 OK
2021-11-06 19:47:25,045 DEBUG org.springframework.core.log.LogFormatUtils [http-nio-8080-exec-3] GET "/style/main.css", parameters={}
2021-11-06 19:47:25,045 DEBUG org.springframework.core.log.LogFormatUtils [http-nio-8080-exec-4] GET "/style/bootstrap.min.css", parameters={}
2021-11-06 19:47:25,046 DEBUG org.springframework.web.servlet.handler.AbstractHandlerMapping [http-nio-8080-exec-3] Mapped to ResourceHttpRequestHandler [Classpath [META-INF/resources/], Classpath [resources/], Classpath [static/], Classpath [public/], ServletContext [/]]
2021-11-06 19:47:25,046 DEBUG org.springframework.web.servlet.handler.AbstractHandlerMapping [http-nio-8080-exec-4] Mapped to ResourceHttpRequestHandler [Classpath [META-INF/resources/], Classpath [resources/], Classpath [static/], Classpath [public/], ServletContext [/]]
2021-11-06 19:47:25,048 DEBUG org.springframework.web.servlet.FrameworkServlet [http-nio-8080-exec-3] Completed 200 OK
2021-11-06 19:47:25,049 DEBUG org.springframework.web.servlet.FrameworkServlet [http-nio-8080-exec-4] Completed 200 OK
2021-11-06 19:47:26,002 DEBUG org.springframework.core.log.LogFormatUtils [http-nio-8080-exec-7] GET "/home/catalog/page/1", parameters={}
2021-11-06 19:47:26,003 DEBUG org.springframework.web.servlet.handler.AbstractHandlerMapping [http-nio-8080-exec-7] Mapped to project.spaceshop.controller.ProductController#getProductList(int, Model)
2021-11-06 19:47:26,045 DEBUG org.springframework.web.servlet.view.ContentNegotiatingViewResolver [http-nio-8080-exec-7] Selected 'text/html' given [text/html, application/xhtml+xml, image/avif, image/webp, image/apng, application/xml;q=0.9, application/signed-exchange;v=b3;q=0.9, */*;q=0.8]
2021-11-06 19:47:26,058 DEBUG org.springframework.web.servlet.FrameworkServlet [http-nio-8080-exec-7] Completed 200 OK
2021-11-06 19:47:26,067 DEBUG org.springframework.core.log.LogFormatUtils [http-nio-8080-exec-9] GET "/style/pagination.css", parameters={}
2021-11-06 19:47:26,067 DEBUG org.springframework.core.log.LogFormatUtils [http-nio-8080-exec-6] GET "/style/bootstrap.min.css", parameters={}
2021-11-06 19:47:26,067 DEBUG org.springframework.core.log.LogFormatUtils [http-nio-8080-exec-5] GET "/style/main.css", parameters={}
2021-11-06 19:47:26,068 DEBUG org.springframework.web.servlet.handler.AbstractHandlerMapping [http-nio-8080-exec-9] Mapped to ResourceHttpRequestHandler [Classpath [META-INF/resources/], Classpath [resources/], Classpath [static/], Classpath [public/], ServletContext [/]]
2021-11-06 19:47:26,068 DEBUG org.springframework.web.servlet.handler.AbstractHandlerMapping [http-nio-8080-exec-5] Mapped to ResourceHttpRequestHandler [Classpath [META-INF/resources/], Classpath [resources/], Classpath [static/], Classpath [public/], ServletContext [/]]
2021-11-06 19:47:26,068 DEBUG org.springframework.web.servlet.handler.AbstractHandlerMapping [http-nio-8080-exec-6] Mapped to ResourceHttpRequestHandler [Classpath [META-INF/resources/], Classpath [resources/], Classpath [static/], Classpath [public/], ServletContext [/]]
2021-11-06 19:47:26,070 DEBUG org.springframework.web.servlet.FrameworkServlet [http-nio-8080-exec-5] Completed 200 OK
2021-11-06 19:47:26,070 DEBUG org.springframework.web.servlet.FrameworkServlet [http-nio-8080-exec-9] Completed 200 OK
2021-11-06 19:47:26,071 DEBUG org.springframework.web.servlet.FrameworkServlet [http-nio-8080-exec-6] Completed 200 OK
2021-11-06 19:47:26,745 DEBUG org.springframework.core.log.LogFormatUtils [http-nio-8080-exec-10] GET "/login", parameters={}
2021-11-06 19:47:26,746 DEBUG org.springframework.web.servlet.handler.AbstractHandlerMapping [http-nio-8080-exec-10] Mapped to project.spaceshop.controller.LoginController#login()
2021-11-06 19:47:26,746 DEBUG org.springframework.web.servlet.view.ContentNegotiatingViewResolver [http-nio-8080-exec-10] Selected 'text/html' given [text/html, application/xhtml+xml, image/avif, image/webp, image/apng, application/xml;q=0.9, application/signed-exchange;v=b3;q=0.9, */*;q=0.8]
2021-11-06 19:47:26,747 DEBUG org.springframework.web.servlet.FrameworkServlet [http-nio-8080-exec-10] Completed 200 OK
2021-11-06 19:47:26,764 DEBUG org.springframework.core.log.LogFormatUtils [http-nio-8080-exec-8] GET "/style/bootstrap.min.css", parameters={}
2021-11-06 19:47:26,764 DEBUG org.springframework.core.log.LogFormatUtils [http-nio-8080-exec-2] GET "/style/main.css", parameters={}
2021-11-06 19:47:26,764 DEBUG org.springframework.web.servlet.handler.AbstractHandlerMapping [http-nio-8080-exec-2] Mapped to ResourceHttpRequestHandler [Classpath [META-INF/resources/], Classpath [resources/], Classpath [static/], Classpath [public/], ServletContext [/]]
2021-11-06 19:47:26,764 DEBUG org.springframework.web.servlet.handler.AbstractHandlerMapping [http-nio-8080-exec-8] Mapped to ResourceHttpRequestHandler [Classpath [META-INF/resources/], Classpath [resources/], Classpath [static/], Classpath [public/], ServletContext [/]]
2021-11-06 19:47:26,766 DEBUG org.springframework.web.servlet.FrameworkServlet [http-nio-8080-exec-2] Completed 200 OK
2021-11-06 19:47:26,768 DEBUG org.springframework.web.servlet.FrameworkServlet [http-nio-8080-exec-8] Completed 200 OK
2021-11-06 19:47:27,713 DEBUG org.springframework.core.log.LogFormatUtils [http-nio-8080-exec-1] GET "/home/catalog/page/1", parameters={}
2021-11-06 19:47:27,714 DEBUG org.springframework.web.servlet.handler.AbstractHandlerMapping [http-nio-8080-exec-1] Mapped to project.spaceshop.controller.ProductController#getProductList(int, Model)
2021-11-06 19:47:27,759 DEBUG org.springframework.web.servlet.view.ContentNegotiatingViewResolver [http-nio-8080-exec-1] Selected 'text/html' given [text/html, application/xhtml+xml, image/avif, image/webp, image/apng, application/xml;q=0.9, application/signed-exchange;v=b3;q=0.9, */*;q=0.8]
2021-11-06 19:47:27,770 DEBUG org.springframework.web.servlet.FrameworkServlet [http-nio-8080-exec-1] Completed 200 OK
2021-11-06 19:47:27,778 DEBUG org.springframework.core.log.LogFormatUtils [http-nio-8080-exec-4] GET "/style/pagination.css", parameters={}
2021-11-06 19:47:27,778 DEBUG org.springframework.core.log.LogFormatUtils [http-nio-8080-exec-7] GET "/style/main.css", parameters={}
2021-11-06 19:47:27,778 DEBUG org.springframework.core.log.LogFormatUtils [http-nio-8080-exec-3] GET "/style/bootstrap.min.css", parameters={}
2021-11-06 19:47:27,780 DEBUG org.springframework.web.servlet.handler.AbstractHandlerMapping [http-nio-8080-exec-4] Mapped to ResourceHttpRequestHandler [Classpath [META-INF/resources/], Classpath [resources/], Classpath [static/], Classpath [public/], ServletContext [/]]
2021-11-06 19:47:27,780 DEBUG org.springframework.web.servlet.handler.AbstractHandlerMapping [http-nio-8080-exec-3] Mapped to ResourceHttpRequestHandler [Classpath [META-INF/resources/], Classpath [resources/], Classpath [static/], Classpath [public/], ServletContext [/]]
2021-11-06 19:47:27,780 DEBUG org.springframework.web.servlet.handler.AbstractHandlerMapping [http-nio-8080-exec-7] Mapped to ResourceHttpRequestHandler [Classpath [META-INF/resources/], Classpath [resources/], Classpath [static/], Classpath [public/], ServletContext [/]]
2021-11-06 19:47:27,781 DEBUG org.springframework.web.servlet.FrameworkServlet [http-nio-8080-exec-4] Completed 200 OK
2021-11-06 19:47:27,783 DEBUG org.springframework.web.servlet.FrameworkServlet [http-nio-8080-exec-7] Completed 200 OK
2021-11-06 19:47:27,783 DEBUG org.springframework.web.servlet.FrameworkServlet [http-nio-8080-exec-3] Completed 200 OK
2021-11-06 19:47:28,692 DEBUG org.springframework.core.log.LogFormatUtils [http-nio-8080-exec-5] GET "/home/about", parameters={}
2021-11-06 19:47:28,693 DEBUG org.springframework.web.servlet.handler.AbstractHandlerMapping [http-nio-8080-exec-5] Mapped to project.spaceshop.controller.HelloController#about()
2021-11-06 19:47:28,694 DEBUG org.springframework.web.servlet.view.ContentNegotiatingViewResolver [http-nio-8080-exec-5] Selected 'text/html' given [text/html, application/xhtml+xml, image/avif, image/webp, image/apng, application/xml;q=0.9, application/signed-exchange;v=b3;q=0.9, */*;q=0.8]
2021-11-06 19:47:28,701 DEBUG org.springframework.web.servlet.FrameworkServlet [http-nio-8080-exec-5] Completed 200 OK
2021-11-06 19:47:28,717 DEBUG org.springframework.core.log.LogFormatUtils [http-nio-8080-exec-9] GET "/style/bootstrap.min.css", parameters={}
2021-11-06 19:47:28,717 DEBUG org.springframework.core.log.LogFormatUtils [http-nio-8080-exec-6] GET "/style/main.css", parameters={}
2021-11-06 19:47:28,718 DEBUG org.springframework.web.servlet.handler.AbstractHandlerMapping [http-nio-8080-exec-6] Mapped to ResourceHttpRequestHandler [Classpath [META-INF/resources/], Classpath [resources/], Classpath [static/], Classpath [public/], ServletContext [/]]
2021-11-06 19:47:28,718 DEBUG org.springframework.web.servlet.handler.AbstractHandlerMapping [http-nio-8080-exec-9] Mapped to ResourceHttpRequestHandler [Classpath [META-INF/resources/], Classpath [resources/], Classpath [static/], Classpath [public/], ServletContext [/]]
2021-11-06 19:47:28,720 DEBUG org.springframework.web.servlet.FrameworkServlet [http-nio-8080-exec-6] Completed 200 OK
2021-11-06 19:47:28,721 DEBUG org.springframework.web.servlet.FrameworkServlet [http-nio-8080-exec-9] Completed 200 OK
2021-11-06 19:47:28,737 DEBUG org.springframework.core.log.LogFormatUtils [http-nio-8080-exec-10] GET "/style/main.css", parameters={}
2021-11-06 19:47:28,738 DEBUG org.springframework.web.servlet.handler.AbstractHandlerMapping [http-nio-8080-exec-10] Mapped to ResourceHttpRequestHandler [Classpath [META-INF/resources/], Classpath [resources/], Classpath [static/], Classpath [public/], ServletContext [/]]
2021-11-06 19:47:28,741 DEBUG org.springframework.web.servlet.FrameworkServlet [http-nio-8080-exec-10] Completed 200 OK
2021-11-06 19:47:29,925 DEBUG org.springframework.core.log.LogFormatUtils [http-nio-8080-exec-2] GET "/home/catalog/page/1", parameters={}
2021-11-06 19:47:29,926 DEBUG org.springframework.web.servlet.handler.AbstractHandlerMapping [http-nio-8080-exec-2] Mapped to project.spaceshop.controller.ProductController#getProductList(int, Model)
2021-11-06 19:47:29,971 DEBUG org.springframework.web.servlet.view.ContentNegotiatingViewResolver [http-nio-8080-exec-2] Selected 'text/html' given [text/html, application/xhtml+xml, image/avif, image/webp, image/apng, application/xml;q=0.9, application/signed-exchange;v=b3;q=0.9, */*;q=0.8]
2021-11-06 19:47:29,981 DEBUG org.springframework.web.servlet.FrameworkServlet [http-nio-8080-exec-2] Completed 200 OK
2021-11-06 19:47:29,991 DEBUG org.springframework.core.log.LogFormatUtils [http-nio-8080-exec-8] GET "/style/pagination.css", parameters={}
2021-11-06 19:47:29,991 DEBUG org.springframework.core.log.LogFormatUtils [http-nio-8080-exec-1] GET "/style/main.css", parameters={}
2021-11-06 19:47:29,991 DEBUG org.springframework.web.servlet.handler.AbstractHandlerMapping [http-nio-8080-exec-1] Mapped to ResourceHttpRequestHandler [Classpath [META-INF/resources/], Classpath [resources/], Classpath [static/], Classpath [public/], ServletContext [/]]
2021-11-06 19:47:29,991 DEBUG org.springframework.web.servlet.handler.AbstractHandlerMapping [http-nio-8080-exec-8] Mapped to ResourceHttpRequestHandler [Classpath [META-INF/resources/], Classpath [resources/], Classpath [static/], Classpath [public/], ServletContext [/]]
2021-11-06 19:47:29,993 DEBUG org.springframework.web.servlet.FrameworkServlet [http-nio-8080-exec-8] Completed 200 OK
2021-11-06 19:47:29,993 DEBUG org.springframework.web.servlet.FrameworkServlet [http-nio-8080-exec-1] Completed 200 OK
2021-11-06 20:31:02,413 DEBUG org.springframework.web.servlet.mvc.method.annotation.RequestMappingHandlerAdapter [main] ControllerAdvice beans: 0 @ModelAttribute, 0 @InitBinder, 1 RequestBodyAdvice, 1 ResponseBodyAdvice
2021-11-06 20:31:02,463 DEBUG org.springframework.web.servlet.handler.AbstractHandlerMethodMapping [main] 40 mappings in 'requestMappingHandlerMapping'
2021-11-06 20:31:02,496 DEBUG org.springframework.web.servlet.handler.SimpleUrlHandlerMapping [main] Patterns [/webjars/**, /**] in 'resourceHandlerMapping'
2021-11-06 20:31:02,506 DEBUG org.springframework.web.servlet.mvc.method.annotation.ExceptionHandlerExceptionResolver [main] ControllerAdvice beans: 0 @ExceptionHandler, 1 ResponseBodyAdvice
2021-11-06 20:31:05,839 INFO org.springframework.web.servlet.FrameworkServlet [http-nio-8080-exec-1] Initializing Servlet 'dispatcherServlet'
2021-11-06 20:31:05,841 DEBUG org.springframework.web.servlet.DispatcherServlet [http-nio-8080-exec-1] Detected StandardServletMultipartResolver
2021-11-06 20:31:05,842 DEBUG org.springframework.web.servlet.DispatcherServlet [http-nio-8080-exec-1] Detected AcceptHeaderLocaleResolver
2021-11-06 20:31:05,842 DEBUG org.springframework.web.servlet.DispatcherServlet [http-nio-8080-exec-1] Detected FixedThemeResolver
2021-11-06 20:31:05,843 DEBUG org.springframework.web.servlet.DispatcherServlet [http-nio-8080-exec-1] Detected org.springframework.web.servlet.view.DefaultRequestToViewNameTranslator@6a0c7af6
2021-11-06 20:31:05,843 DEBUG org.springframework.web.servlet.DispatcherServlet [http-nio-8080-exec-1] Detected org.springframework.web.servlet.support.SessionFlashMapManager@85cd413
2021-11-06 20:31:05,844 DEBUG org.springframework.web.servlet.FrameworkServlet [http-nio-8080-exec-1] enableLoggingRequestDetails='false': request parameters and headers will be masked to prevent unsafe logging of potentially sensitive data
2021-11-06 20:31:05,844 INFO org.springframework.web.servlet.FrameworkServlet [http-nio-8080-exec-1] Completed initialization in 3 ms
2021-11-06 20:31:05,859 DEBUG org.springframework.core.log.LogFormatUtils [http-nio-8080-exec-1] GET "/", parameters={}
2021-11-06 20:31:05,865 DEBUG org.springframework.web.servlet.handler.AbstractHandlerMapping [http-nio-8080-exec-1] Mapped to project.spaceshop.controller.HelloController#index()
2021-11-06 20:31:05,883 DEBUG org.springframework.web.servlet.view.AbstractView [http-nio-8080-exec-1] View name 'redirect:', model {}
2021-11-06 20:31:05,884 DEBUG org.springframework.web.servlet.FrameworkServlet [http-nio-8080-exec-1] Completed 302 FOUND
2021-11-06 20:31:05,893 DEBUG org.springframework.core.log.LogFormatUtils [http-nio-8080-exec-2] GET "/home/catalog/page/1", parameters={}
2021-11-06 20:31:05,894 DEBUG org.springframework.web.servlet.handler.AbstractHandlerMapping [http-nio-8080-exec-2] Mapped to project.spaceshop.controller.ProductController#getProductList(int, Model)
2021-11-06 20:31:06,058 DEBUG org.springframework.web.servlet.view.ContentNegotiatingViewResolver [http-nio-8080-exec-2] Selected 'text/html' given [text/html, application/xhtml+xml, image/avif, image/webp, image/apng, application/xml;q=0.9, application/signed-exchange;v=b3;q=0.9, */*;q=0.8]
2021-11-06 20:31:06,297 DEBUG org.springframework.web.servlet.FrameworkServlet [http-nio-8080-exec-2] Completed 200 OK
2021-11-06 20:31:06,302 DEBUG org.springframework.core.log.LogFormatUtils [http-nio-8080-exec-5] GET "/style/main.css", parameters={}
2021-11-06 20:31:06,302 DEBUG org.springframework.core.log.LogFormatUtils [http-nio-8080-exec-3] GET "/style/bootstrap.min.css", parameters={}
2021-11-06 20:31:06,302 DEBUG org.springframework.core.log.LogFormatUtils [http-nio-8080-exec-4] GET "/style/pagination.css", parameters={}
2021-11-06 20:31:06,306 DEBUG org.springframework.web.servlet.handler.AbstractHandlerMapping [http-nio-8080-exec-3] Mapped to ResourceHttpRequestHandler [Classpath [META-INF/resources/], Classpath [resources/], Classpath [static/], Classpath [public/], ServletContext [/]]
2021-11-06 20:31:06,306 DEBUG org.springframework.web.servlet.handler.AbstractHandlerMapping [http-nio-8080-exec-4] Mapped to ResourceHttpRequestHandler [Classpath [META-INF/resources/], Classpath [resources/], Classpath [static/], Classpath [public/], ServletContext [/]]
2021-11-06 20:31:06,306 DEBUG org.springframework.web.servlet.handler.AbstractHandlerMapping [http-nio-8080-exec-5] Mapped to ResourceHttpRequestHandler [Classpath [META-INF/resources/], Classpath [resources/], Classpath [static/], Classpath [public/], ServletContext [/]]
2021-11-06 20:31:06,315 DEBUG org.springframework.web.servlet.FrameworkServlet [http-nio-8080-exec-5] Completed 200 OK
2021-11-06 20:31:06,315 DEBUG org.springframework.web.servlet.FrameworkServlet [http-nio-8080-exec-4] Completed 200 OK
2021-11-06 20:31:06,316 DEBUG org.springframework.web.servlet.FrameworkServlet [http-nio-8080-exec-3] Completed 200 OK
2021-11-06 20:31:51,266 DEBUG org.springframework.core.log.LogFormatUtils [http-nio-8080-exec-6] GET "/login", parameters={}
2021-11-06 20:31:51,268 DEBUG org.springframework.web.servlet.handler.AbstractHandlerMapping [http-nio-8080-exec-6] Mapped to project.spaceshop.controller.LoginController#login()
2021-11-06 20:31:51,269 DEBUG org.springframework.web.servlet.view.ContentNegotiatingViewResolver [http-nio-8080-exec-6] Selected 'text/html' given [text/html, application/xhtml+xml, image/avif, image/webp, image/apng, application/xml;q=0.9, application/signed-exchange;v=b3;q=0.9, */*;q=0.8]
2021-11-06 20:31:51,272 DEBUG org.springframework.web.servlet.FrameworkServlet [http-nio-8080-exec-6] Completed 200 OK
2021-11-06 20:31:51,287 DEBUG org.springframework.core.log.LogFormatUtils [http-nio-8080-exec-7] GET "/style/bootstrap.min.css", parameters={}
2021-11-06 20:31:51,287 DEBUG org.springframework.core.log.LogFormatUtils [http-nio-8080-exec-8] GET "/style/main.css", parameters={}
2021-11-06 20:31:51,288 DEBUG org.springframework.web.servlet.handler.AbstractHandlerMapping [http-nio-8080-exec-8] Mapped to ResourceHttpRequestHandler [Classpath [META-INF/resources/], Classpath [resources/], Classpath [static/], Classpath [public/], ServletContext [/]]
2021-11-06 20:31:51,288 DEBUG org.springframework.web.servlet.handler.AbstractHandlerMapping [http-nio-8080-exec-7] Mapped to ResourceHttpRequestHandler [Classpath [META-INF/resources/], Classpath [resources/], Classpath [static/], Classpath [public/], ServletContext [/]]
2021-11-06 20:31:51,291 DEBUG org.springframework.web.servlet.FrameworkServlet [http-nio-8080-exec-8] Completed 200 OK
2021-11-06 20:31:51,293 DEBUG org.springframework.web.servlet.FrameworkServlet [http-nio-8080-exec-7] Completed 200 OK
2021-11-06 20:31:54,262 DEBUG org.springframework.core.log.LogFormatUtils [http-nio-8080-exec-10] GET "/home/catalog/page/1", parameters={}
2021-11-06 20:31:54,264 DEBUG org.springframework.web.servlet.handler.AbstractHandlerMapping [http-nio-8080-exec-10] Mapped to project.spaceshop.controller.ProductController#getProductList(int, Model)
2021-11-06 20:31:54,319 DEBUG org.springframework.web.servlet.view.ContentNegotiatingViewResolver [http-nio-8080-exec-10] Selected 'text/html' given [text/html, application/xhtml+xml, image/avif, image/webp, image/apng, application/xml;q=0.9, application/signed-exchange;v=b3;q=0.9, */*;q=0.8]
2021-11-06 20:31:54,334 DEBUG org.springframework.web.servlet.FrameworkServlet [http-nio-8080-exec-10] Completed 200 OK
2021-11-06 20:31:54,345 DEBUG org.springframework.core.log.LogFormatUtils [http-nio-8080-exec-1] GET "/style/bootstrap.min.css", parameters={}
2021-11-06 20:31:54,345 DEBUG org.springframework.core.log.LogFormatUtils [http-nio-8080-exec-2] GET "/style/pagination.css", parameters={}
2021-11-06 20:31:54,345 DEBUG org.springframework.core.log.LogFormatUtils [http-nio-8080-exec-5] GET "/style/main.css", parameters={}
2021-11-06 20:31:54,346 DEBUG org.springframework.web.servlet.handler.AbstractHandlerMapping [http-nio-8080-exec-1] Mapped to ResourceHttpRequestHandler [Classpath [META-INF/resources/], Classpath [resources/], Classpath [static/], Classpath [public/], ServletContext [/]]
2021-11-06 20:31:54,346 DEBUG org.springframework.web.servlet.handler.AbstractHandlerMapping [http-nio-8080-exec-2] Mapped to ResourceHttpRequestHandler [Classpath [META-INF/resources/], Classpath [resources/], Classpath [static/], Classpath [public/], ServletContext [/]]
2021-11-06 20:31:54,346 DEBUG org.springframework.web.servlet.handler.AbstractHandlerMapping [http-nio-8080-exec-5] Mapped to ResourceHttpRequestHandler [Classpath [META-INF/resources/], Classpath [resources/], Classpath [static/], Classpath [public/], ServletContext [/]]
2021-11-06 20:31:54,348 DEBUG org.springframework.web.servlet.FrameworkServlet [http-nio-8080-exec-5] Completed 200 OK
2021-11-06 20:31:54,348 DEBUG org.springframework.web.servlet.FrameworkServlet [http-nio-8080-exec-2] Completed 200 OK
2021-11-06 20:31:54,349 DEBUG org.springframework.web.servlet.FrameworkServlet [http-nio-8080-exec-1] Completed 200 OK
2021-11-06 20:31:58,228 DEBUG org.springframework.core.log.LogFormatUtils [http-nio-8080-exec-4] POST "/home/basket/add/3", parameters={}
2021-11-06 20:31:58,229 DEBUG org.springframework.web.servlet.handler.AbstractHandlerMapping [http-nio-8080-exec-4] Mapped to project.spaceshop.controller.BasketController#addToBasketById(int)
2021-11-06 20:31:58,355 DEBUG org.springframework.web.servlet.view.AbstractView [http-nio-8080-exec-4] View name 'redirect:', model {}
2021-11-06 20:31:58,358 DEBUG org.springframework.web.servlet.FrameworkServlet [http-nio-8080-exec-4] Completed 302 FOUND
2021-11-06 20:31:58,363 DEBUG org.springframework.core.log.LogFormatUtils [http-nio-8080-exec-3] GET "/home/basket", parameters={}
2021-11-06 20:31:58,364 DEBUG org.springframework.web.servlet.handler.AbstractHandlerMapping [http-nio-8080-exec-3] Mapped to project.spaceshop.controller.BasketController#basket(Model)
2021-11-06 20:31:58,366 DEBUG org.springframework.web.servlet.view.ContentNegotiatingViewResolver [http-nio-8080-exec-3] Selected 'text/html' given [text/html, application/xhtml+xml, image/avif, image/webp, image/apng, application/xml;q=0.9, application/signed-exchange;v=b3;q=0.9, */*;q=0.8]
2021-11-06 20:31:58,380 DEBUG org.springframework.web.servlet.FrameworkServlet [http-nio-8080-exec-3] Completed 200 OK
2021-11-06 20:31:58,394 DEBUG org.springframework.core.log.LogFormatUtils [http-nio-8080-exec-7] GET "/style/basket.css", parameters={}
2021-11-06 20:31:58,394 DEBUG org.springframework.core.log.LogFormatUtils [http-nio-8080-exec-8] GET "/style/main.css", parameters={}
2021-11-06 20:31:58,394 DEBUG org.springframework.core.log.LogFormatUtils [http-nio-8080-exec-6] GET "/style/bootstrap.min.css", parameters={}
2021-11-06 20:31:58,395 DEBUG org.springframework.web.servlet.handler.AbstractHandlerMapping [http-nio-8080-exec-7] Mapped to ResourceHttpRequestHandler [Classpath [META-INF/resources/], Classpath [resources/], Classpath [static/], Classpath [public/], ServletContext [/]]
2021-11-06 20:31:58,395 DEBUG org.springframework.web.servlet.handler.AbstractHandlerMapping [http-nio-8080-exec-6] Mapped to ResourceHttpRequestHandler [Classpath [META-INF/resources/], Classpath [resources/], Classpath [static/], Classpath [public/], ServletContext [/]]
2021-11-06 20:31:58,395 DEBUG org.springframework.web.servlet.handler.AbstractHandlerMapping [http-nio-8080-exec-8] Mapped to ResourceHttpRequestHandler [Classpath [META-INF/resources/], Classpath [resources/], Classpath [static/], Classpath [public/], ServletContext [/]]
2021-11-06 20:31:58,398 DEBUG org.springframework.web.servlet.FrameworkServlet [http-nio-8080-exec-8] Completed 200 OK
2021-11-06 20:31:58,400 DEBUG org.springframework.web.servlet.FrameworkServlet [http-nio-8080-exec-6] Completed 200 OK
2021-11-06 20:31:58,403 DEBUG org.springframework.web.servlet.FrameworkServlet [http-nio-8080-exec-7] Completed 200 OK
2021-11-06 20:31:58,419 DEBUG org.springframework.core.log.LogFormatUtils [http-nio-8080-exec-9] GET "/style/main.css", parameters={}
2021-11-06 20:31:58,420 DEBUG org.springframework.web.servlet.handler.AbstractHandlerMapping [http-nio-8080-exec-9] Mapped to ResourceHttpRequestHandler [Classpath [META-INF/resources/], Classpath [resources/], Classpath [static/], Classpath [public/], ServletContext [/]]
2021-11-06 20:31:58,423 DEBUG org.springframework.web.servlet.FrameworkServlet [http-nio-8080-exec-9] Completed 200 OK
2021-11-06 20:31:59,488 DEBUG org.springframework.core.log.LogFormatUtils [http-nio-8080-exec-10] GET "/home/order", parameters={}
2021-11-06 20:31:59,489 DEBUG org.springframework.web.servlet.handler.AbstractHandlerMapping [http-nio-8080-exec-10] Mapped to project.spaceshop.controller.OrderController#orderPage(Model)
2021-11-06 20:31:59,501 DEBUG org.springframework.web.servlet.view.ContentNegotiatingViewResolver [http-nio-8080-exec-10] Selected 'text/html' given [text/html, application/xhtml+xml, image/avif, image/webp, image/apng, application/xml;q=0.9, application/signed-exchange;v=b3;q=0.9, */*;q=0.8]
2021-11-06 20:31:59,511 DEBUG org.springframework.web.servlet.FrameworkServlet [http-nio-8080-exec-10] Completed 200 OK
2021-11-06 20:31:59,534 DEBUG org.springframework.core.log.LogFormatUtils [http-nio-8080-exec-5] GET "/style/bootstrap.min.css", parameters={}
2021-11-06 20:31:59,534 DEBUG org.springframework.core.log.LogFormatUtils [http-nio-8080-exec-2] GET "/style/main.css", parameters={}
2021-11-06 20:31:59,534 DEBUG org.springframework.web.servlet.handler.AbstractHandlerMapping [http-nio-8080-exec-2] Mapped to ResourceHttpRequestHandler [Classpath [META-INF/resources/], Classpath [resources/], Classpath [static/], Classpath [public/], ServletContext [/]]
2021-11-06 20:31:59,534 DEBUG org.springframework.web.servlet.handler.AbstractHandlerMapping [http-nio-8080-exec-5] Mapped to ResourceHttpRequestHandler [Classpath [META-INF/resources/], Classpath [resources/], Classpath [static/], Classpath [public/], ServletContext [/]]
2021-11-06 20:31:59,536 DEBUG org.springframework.web.servlet.FrameworkServlet [http-nio-8080-exec-2] Completed 200 OK
2021-11-06 20:31:59,538 DEBUG org.springframework.web.servlet.FrameworkServlet [http-nio-8080-exec-5] Completed 200 OK
2021-11-06 20:31:59,558 DEBUG org.springframework.core.log.LogFormatUtils [http-nio-8080-exec-1] GET "/style/main.css", parameters={}
2021-11-06 20:31:59,559 DEBUG org.springframework.web.servlet.handler.AbstractHandlerMapping [http-nio-8080-exec-1] Mapped to ResourceHttpRequestHandler [Classpath [META-INF/resources/], Classpath [resources/], Classpath [static/], Classpath [public/], ServletContext [/]]
2021-11-06 20:31:59,561 DEBUG org.springframework.web.servlet.FrameworkServlet [http-nio-8080-exec-1] Completed 200 OK
2021-11-06 20:32:00,530 DEBUG org.springframework.core.log.LogFormatUtils [http-nio-8080-exec-4] GET "/home/order/pay?idAddress=8&paymentType=CARD", parameters={masked}
2021-11-06 20:32:00,531 DEBUG org.springframework.web.servlet.handler.AbstractHandlerMapping [http-nio-8080-exec-4] Mapped to project.spaceshop.controller.OrderController#orderPay(int, String)
2021-11-06 20:32:00,721 DEBUG org.springframework.web.servlet.view.ContentNegotiatingViewResolver [http-nio-8080-exec-4] Selected 'text/html' given [text/html, application/xhtml+xml, image/avif, image/webp, image/apng, application/xml;q=0.9, application/signed-exchange;v=b3;q=0.9, */*;q=0.8]
2021-11-06 20:32:00,731 DEBUG org.springframework.web.servlet.FrameworkServlet [http-nio-8080-exec-4] Completed 200 OK
2021-11-06 20:32:00,745 DEBUG org.springframework.core.log.LogFormatUtils [http-nio-8080-exec-3] GET "/style/bootstrap.min.css", parameters={}
2021-11-06 20:32:00,745 DEBUG org.springframework.core.log.LogFormatUtils [http-nio-8080-exec-8] GET "/style/main.css", parameters={}
2021-11-06 20:32:00,746 DEBUG org.springframework.web.servlet.handler.AbstractHandlerMapping [http-nio-8080-exec-3] Mapped to ResourceHttpRequestHandler [Classpath [META-INF/resources/], Classpath [resources/], Classpath [static/], Classpath [public/], ServletContext [/]]
2021-11-06 20:32:00,746 DEBUG org.springframework.web.servlet.handler.AbstractHandlerMapping [http-nio-8080-exec-8] Mapped to ResourceHttpRequestHandler [Classpath [META-INF/resources/], Classpath [resources/], Classpath [static/], Classpath [public/], ServletContext [/]]
2021-11-06 20:32:00,748 DEBUG org.springframework.web.servlet.FrameworkServlet [http-nio-8080-exec-8] Completed 200 OK
2021-11-06 20:32:00,750 DEBUG org.springframework.web.servlet.FrameworkServlet [http-nio-8080-exec-3] Completed 200 OK
2021-11-06 20:32:02,239 DEBUG org.springframework.core.log.LogFormatUtils [http-nio-8080-exec-6] GET "/home/account", parameters={}
2021-11-06 20:32:02,240 DEBUG org.springframework.web.servlet.handler.AbstractHandlerMapping [http-nio-8080-exec-6] Mapped to project.spaceshop.controller.UserController#accountInfo(Model)
2021-11-06 20:32:02,250 DEBUG org.springframework.web.servlet.view.ContentNegotiatingViewResolver [http-nio-8080-exec-6] Selected 'text/html' given [text/html, application/xhtml+xml, image/avif, image/webp, image/apng, application/xml;q=0.9, application/signed-exchange;v=b3;q=0.9, */*;q=0.8]
2021-11-06 20:32:02,256 DEBUG org.springframework.web.servlet.FrameworkServlet [http-nio-8080-exec-6] Completed 200 OK
2021-11-06 20:32:02,277 DEBUG org.springframework.core.log.LogFormatUtils [http-nio-8080-exec-7] GET "/style/bootstrap.min.css", parameters={}
2021-11-06 20:32:02,277 DEBUG org.springframework.core.log.LogFormatUtils [http-nio-8080-exec-9] GET "/style/main.css", parameters={}
2021-11-06 20:32:02,278 DEBUG org.springframework.web.servlet.handler.AbstractHandlerMapping [http-nio-8080-exec-9] Mapped to ResourceHttpRequestHandler [Classpath [META-INF/resources/], Classpath [resources/], Classpath [static/], Classpath [public/], ServletContext [/]]
2021-11-06 20:32:02,278 DEBUG org.springframework.web.servlet.handler.AbstractHandlerMapping [http-nio-8080-exec-7] Mapped to ResourceHttpRequestHandler [Classpath [META-INF/resources/], Classpath [resources/], Classpath [static/], Classpath [public/], ServletContext [/]]
2021-11-06 20:32:02,279 DEBUG org.springframework.web.servlet.FrameworkServlet [http-nio-8080-exec-9] Completed 200 OK
2021-11-06 20:32:02,281 DEBUG org.springframework.web.servlet.FrameworkServlet [http-nio-8080-exec-7] Completed 200 OK
2021-11-06 20:32:02,299 DEBUG org.springframework.core.log.LogFormatUtils [http-nio-8080-exec-10] GET "/style/main.css", parameters={}
2021-11-06 20:32:02,300 DEBUG org.springframework.web.servlet.handler.AbstractHandlerMapping [http-nio-8080-exec-10] Mapped to ResourceHttpRequestHandler [Classpath [META-INF/resources/], Classpath [resources/], Classpath [static/], Classpath [public/], ServletContext [/]]
2021-11-06 20:32:02,302 DEBUG org.springframework.web.servlet.FrameworkServlet [http-nio-8080-exec-10] Completed 200 OK
2021-11-06 20:34:01,364 DEBUG org.springframework.core.log.LogFormatUtils [http-nio-8080-exec-4] GET "/", parameters={}
2021-11-06 20:34:01,366 DEBUG org.springframework.web.servlet.handler.AbstractHandlerMapping [http-nio-8080-exec-4] Mapped to project.spaceshop.controller.HelloController#index()
2021-11-06 20:34:01,367 DEBUG org.springframework.web.servlet.view.AbstractView [http-nio-8080-exec-4] View name 'redirect:', model {}
2021-11-06 20:34:01,367 DEBUG org.springframework.web.servlet.FrameworkServlet [http-nio-8080-exec-4] Completed 302 FOUND
2021-11-06 20:34:01,372 DEBUG org.springframework.core.log.LogFormatUtils [http-nio-8080-exec-8] GET "/home/catalog/page/1", parameters={}
2021-11-06 20:34:01,372 DEBUG org.springframework.web.servlet.handler.AbstractHandlerMapping [http-nio-8080-exec-8] Mapped to project.spaceshop.controller.ProductController#getProductList(int, Model)
2021-11-06 20:34:01,410 DEBUG org.springframework.web.servlet.view.ContentNegotiatingViewResolver [http-nio-8080-exec-8] Selected 'text/html' given [text/html, application/xhtml+xml, image/avif, image/webp, image/apng, application/xml;q=0.9, application/signed-exchange;v=b3;q=0.9, */*;q=0.8]
2021-11-06 20:34:01,423 DEBUG org.springframework.web.servlet.FrameworkServlet [http-nio-8080-exec-8] Completed 200 OK
2021-11-06 20:34:01,431 DEBUG org.springframework.core.log.LogFormatUtils [http-nio-8080-exec-3] GET "/style/bootstrap.min.css", parameters={}
2021-11-06 20:34:01,431 DEBUG org.springframework.core.log.LogFormatUtils [http-nio-8080-exec-6] GET "/style/pagination.css", parameters={}
2021-11-06 20:34:01,431 DEBUG org.springframework.core.log.LogFormatUtils [http-nio-8080-exec-9] GET "/style/main.css", parameters={}
2021-11-06 20:34:01,431 DEBUG org.springframework.web.servlet.handler.AbstractHandlerMapping [http-nio-8080-exec-3] Mapped to ResourceHttpRequestHandler [Classpath [META-INF/resources/], Classpath [resources/], Classpath [static/], Classpath [public/], ServletContext [/]]
2021-11-06 20:34:01,432 DEBUG org.springframework.web.servlet.handler.AbstractHandlerMapping [http-nio-8080-exec-9] Mapped to ResourceHttpRequestHandler [Classpath [META-INF/resources/], Classpath [resources/], Classpath [static/], Classpath [public/], ServletContext [/]]
2021-11-06 20:34:01,431 DEBUG org.springframework.web.servlet.handler.AbstractHandlerMapping [http-nio-8080-exec-6] Mapped to ResourceHttpRequestHandler [Classpath [META-INF/resources/], Classpath [resources/], Classpath [static/], Classpath [public/], ServletContext [/]]
2021-11-06 20:34:01,434 DEBUG org.springframework.web.servlet.FrameworkServlet [http-nio-8080-exec-9] Completed 200 OK
2021-11-06 20:34:01,434 DEBUG org.springframework.web.servlet.FrameworkServlet [http-nio-8080-exec-6] Completed 200 OK
2021-11-06 20:34:01,435 DEBUG org.springframework.web.servlet.FrameworkServlet [http-nio-8080-exec-3] Completed 200 OK
2021-11-06 22:00:07,970 DEBUG org.springframework.web.servlet.mvc.method.annotation.RequestMappingHandlerAdapter [main] ControllerAdvice beans: 0 @ModelAttribute, 0 @InitBinder, 1 RequestBodyAdvice, 1 ResponseBodyAdvice
2021-11-06 22:00:08,016 DEBUG org.springframework.web.servlet.handler.AbstractHandlerMethodMapping [main] 40 mappings in 'requestMappingHandlerMapping'
2021-11-06 22:00:08,046 DEBUG org.springframework.web.servlet.handler.SimpleUrlHandlerMapping [main] Patterns [/webjars/**, /**] in 'resourceHandlerMapping'
2021-11-06 22:00:08,055 DEBUG org.springframework.web.servlet.mvc.method.annotation.ExceptionHandlerExceptionResolver [main] ControllerAdvice beans: 0 @ExceptionHandler, 1 ResponseBodyAdvice
2021-11-06 22:00:10,231 INFO org.springframework.web.servlet.FrameworkServlet [http-nio-8080-exec-1] Initializing Servlet 'dispatcherServlet'
2021-11-06 22:00:10,232 DEBUG org.springframework.web.servlet.DispatcherServlet [http-nio-8080-exec-1] Detected StandardServletMultipartResolver
2021-11-06 22:00:10,233 DEBUG org.springframework.web.servlet.DispatcherServlet [http-nio-8080-exec-1] Detected AcceptHeaderLocaleResolver
2021-11-06 22:00:10,233 DEBUG org.springframework.web.servlet.DispatcherServlet [http-nio-8080-exec-1] Detected FixedThemeResolver
2021-11-06 22:00:10,234 DEBUG org.springframework.web.servlet.DispatcherServlet [http-nio-8080-exec-1] Detected org.springframework.web.servlet.view.DefaultRequestToViewNameTranslator@10408ea
2021-11-06 22:00:10,235 DEBUG org.springframework.web.servlet.DispatcherServlet [http-nio-8080-exec-1] Detected org.springframework.web.servlet.support.SessionFlashMapManager@79144d0e
2021-11-06 22:00:10,236 DEBUG org.springframework.web.servlet.FrameworkServlet [http-nio-8080-exec-1] enableLoggingRequestDetails='false': request parameters and headers will be masked to prevent unsafe logging of potentially sensitive data
2021-11-06 22:00:10,236 INFO org.springframework.web.servlet.FrameworkServlet [http-nio-8080-exec-1] Completed initialization in 4 ms
2021-11-06 22:00:10,250 DEBUG org.springframework.core.log.LogFormatUtils [http-nio-8080-exec-1] GET "/", parameters={}
2021-11-06 22:00:10,257 DEBUG org.springframework.web.servlet.handler.AbstractHandlerMapping [http-nio-8080-exec-1] Mapped to project.spaceshop.controller.HelloController#index()
2021-11-06 22:00:10,275 DEBUG org.springframework.web.servlet.view.AbstractView [http-nio-8080-exec-1] View name 'redirect:', model {}
2021-11-06 22:00:10,276 DEBUG org.springframework.web.servlet.FrameworkServlet [http-nio-8080-exec-1] Completed 302 FOUND
2021-11-06 22:00:10,285 DEBUG org.springframework.core.log.LogFormatUtils [http-nio-8080-exec-2] GET "/home/catalog/page/1", parameters={}
2021-11-06 22:00:10,286 DEBUG org.springframework.web.servlet.handler.AbstractHandlerMapping [http-nio-8080-exec-2] Mapped to project.spaceshop.controller.ProductController#getProductList(int, Model)
2021-11-06 22:00:10,425 DEBUG org.springframework.web.servlet.view.ContentNegotiatingViewResolver [http-nio-8080-exec-2] Selected 'text/html' given [text/html, application/xhtml+xml, image/avif, image/webp, image/apng, application/xml;q=0.9, application/signed-exchange;v=b3;q=0.9, */*;q=0.8]
2021-11-06 22:00:10,652 DEBUG org.springframework.web.servlet.FrameworkServlet [http-nio-8080-exec-2] Completed 200 OK
2021-11-06 22:00:10,655 DEBUG org.springframework.core.log.LogFormatUtils [http-nio-8080-exec-3] GET "/style/bootstrap.min.css", parameters={}
2021-11-06 22:00:10,655 DEBUG org.springframework.core.log.LogFormatUtils [http-nio-8080-exec-4] GET "/style/pagination.css", parameters={}
2021-11-06 22:00:10,655 DEBUG org.springframework.core.log.LogFormatUtils [http-nio-8080-exec-5] GET "/style/main.css", parameters={}
2021-11-06 22:00:10,670 DEBUG org.springframework.web.servlet.handler.AbstractHandlerMapping [http-nio-8080-exec-4] Mapped to ResourceHttpRequestHandler [Classpath [META-INF/resources/], Classpath [resources/], Classpath [static/], Classpath [public/], ServletContext [/]]
2021-11-06 22:00:10,670 DEBUG org.springframework.web.servlet.handler.AbstractHandlerMapping [http-nio-8080-exec-3] Mapped to ResourceHttpRequestHandler [Classpath [META-INF/resources/], Classpath [resources/], Classpath [static/], Classpath [public/], ServletContext [/]]
2021-11-06 22:00:10,670 DEBUG org.springframework.web.servlet.handler.AbstractHandlerMapping [http-nio-8080-exec-5] Mapped to ResourceHttpRequestHandler [Classpath [META-INF/resources/], Classpath [resources/], Classpath [static/], Classpath [public/], ServletContext [/]]
2021-11-06 22:00:10,684 DEBUG org.springframework.web.servlet.FrameworkServlet [http-nio-8080-exec-5] Completed 200 OK
2021-11-06 22:00:10,684 DEBUG org.springframework.web.servlet.FrameworkServlet [http-nio-8080-exec-4] Completed 200 OK
2021-11-06 22:00:10,688 DEBUG org.springframework.web.servlet.FrameworkServlet [http-nio-8080-exec-3] Completed 200 OK
2021-11-06 22:00:12,811 DEBUG org.springframework.core.log.LogFormatUtils [http-nio-8080-exec-7] GET "/login", parameters={}
2021-11-06 22:00:12,812 DEBUG org.springframework.web.servlet.handler.AbstractHandlerMapping [http-nio-8080-exec-7] Mapped to project.spaceshop.controller.LoginController#login()
2021-11-06 22:00:12,813 DEBUG org.springframework.web.servlet.view.ContentNegotiatingViewResolver [http-nio-8080-exec-7] Selected 'text/html' given [text/html, application/xhtml+xml, image/avif, image/webp, image/apng, application/xml;q=0.9, application/signed-exchange;v=b3;q=0.9, */*;q=0.8]
2021-11-06 22:00:12,821 DEBUG org.springframework.web.servlet.FrameworkServlet [http-nio-8080-exec-7] Completed 200 OK
2021-11-06 22:00:12,835 DEBUG org.springframework.core.log.LogFormatUtils [http-nio-8080-exec-8] GET "/style/bootstrap.min.css", parameters={}
2021-11-06 22:00:12,835 DEBUG org.springframework.web.servlet.handler.AbstractHandlerMapping [http-nio-8080-exec-8] Mapped to ResourceHttpRequestHandler [Classpath [META-INF/resources/], Classpath [resources/], Classpath [static/], Classpath [public/], ServletContext [/]]
2021-11-06 22:00:12,839 DEBUG org.springframework.web.servlet.FrameworkServlet [http-nio-8080-exec-8] Completed 200 OK
2021-11-06 22:00:12,844 DEBUG org.springframework.core.log.LogFormatUtils [http-nio-8080-exec-9] GET "/style/main.css", parameters={}
2021-11-06 22:00:12,845 DEBUG org.springframework.web.servlet.handler.AbstractHandlerMapping [http-nio-8080-exec-9] Mapped to ResourceHttpRequestHandler [Classpath [META-INF/resources/], Classpath [resources/], Classpath [static/], Classpath [public/], ServletContext [/]]
2021-11-06 22:00:12,847 DEBUG org.springframework.web.servlet.FrameworkServlet [http-nio-8080-exec-9] Completed 200 OK
2021-11-06 22:00:14,835 DEBUG org.springframework.core.log.LogFormatUtils [http-nio-8080-exec-10] GET "/home/catalog/page/1", parameters={}
2021-11-06 22:00:14,837 DEBUG org.springframework.web.servlet.handler.AbstractHandlerMapping [http-nio-8080-exec-10] Mapped to project.spaceshop.controller.ProductController#getProductList(int, Model)
2021-11-06 22:00:14,887 DEBUG org.springframework.web.servlet.view.ContentNegotiatingViewResolver [http-nio-8080-exec-10] Selected 'text/html' given [text/html, application/xhtml+xml, image/avif, image/webp, image/apng, application/xml;q=0.9, application/signed-exchange;v=b3;q=0.9, */*;q=0.8]
2021-11-06 22:00:14,901 DEBUG org.springframework.web.servlet.FrameworkServlet [http-nio-8080-exec-10] Completed 200 OK
2021-11-06 22:00:14,907 DEBUG org.springframework.core.log.LogFormatUtils [http-nio-8080-exec-1] GET "/style/bootstrap.min.css", parameters={}
2021-11-06 22:00:14,907 DEBUG org.springframework.core.log.LogFormatUtils [http-nio-8080-exec-2] GET "/style/pagination.css", parameters={}
2021-11-06 22:00:14,907 DEBUG org.springframework.core.log.LogFormatUtils [http-nio-8080-exec-4] GET "/style/main.css", parameters={}
2021-11-06 22:00:14,908 DEBUG org.springframework.web.servlet.handler.AbstractHandlerMapping [http-nio-8080-exec-1] Mapped to ResourceHttpRequestHandler [Classpath [META-INF/resources/], Classpath [resources/], Classpath [static/], Classpath [public/], ServletContext [/]]
2021-11-06 22:00:14,908 DEBUG org.springframework.web.servlet.handler.AbstractHandlerMapping [http-nio-8080-exec-4] Mapped to ResourceHttpRequestHandler [Classpath [META-INF/resources/], Classpath [resources/], Classpath [static/], Classpath [public/], ServletContext [/]]
2021-11-06 22:00:14,908 DEBUG org.springframework.web.servlet.handler.AbstractHandlerMapping [http-nio-8080-exec-2] Mapped to ResourceHttpRequestHandler [Classpath [META-INF/resources/], Classpath [resources/], Classpath [static/], Classpath [public/], ServletContext [/]]
2021-11-06 22:00:14,910 DEBUG org.springframework.web.servlet.FrameworkServlet [http-nio-8080-exec-4] Completed 200 OK
2021-11-06 22:00:14,911 DEBUG org.springframework.web.servlet.FrameworkServlet [http-nio-8080-exec-2] Completed 200 OK
2021-11-06 22:00:14,912 DEBUG org.springframework.web.servlet.FrameworkServlet [http-nio-8080-exec-1] Completed 200 OK
